  DZ.cpp
C:\Users\danek\Documents\GitHub\DiscreteMath\DZ\DZ.cpp(25,23): warning C4018: <: несоответствие типов со знаком и без знака
C:\Users\danek\Documents\GitHub\DiscreteMath\DZ\DZ.cpp(139,18): warning C4018: <: несоответствие типов со знаком и без знака
C:\Users\danek\Documents\GitHub\DiscreteMath\DZ\DZ.cpp(151,23): warning C4018: <: несоответствие типов со знаком и без знака
C:\Users\danek\Documents\GitHub\DiscreteMath\DZ\DZ.cpp(208,50): warning C4554: "<<": проверьте приоритет операторов на ошибки; для уточнения приоритета используйте скобки
C:\Users\danek\Documents\GitHub\DiscreteMath\DZ\DZ.cpp(208,51): warning C4334: <<: результат 32-разрядного смещения неявно преобразуется в 64-разрядное значение (предполагалось 64-разрядное смещение?)
C:\Users\danek\Documents\GitHub\DiscreteMath\DZ\DZ.cpp(215,55): warning C4554: "<<": проверьте приоритет операторов на ошибки; для уточнения приоритета используйте скобки
C:\Users\danek\Documents\GitHub\DiscreteMath\DZ\DZ.cpp(215,56): warning C4334: <<: результат 32-разрядного смещения неявно преобразуется в 64-разрядное значение (предполагалось 64-разрядное смещение?)
C:\Users\danek\Documents\GitHub\DiscreteMath\DZ\DZ.cpp(228,48): warning C4554: "<<": проверьте приоритет операторов на ошибки; для уточнения приоритета используйте скобки
C:\Users\danek\Documents\GitHub\DiscreteMath\DZ\DZ.cpp(228,49): warning C4334: <<: результат 32-разрядного смещения неявно преобразуется в 64-разрядное значение (предполагалось 64-разрядное смещение?)
C:\Users\danek\Documents\GitHub\DiscreteMath\DZ\DZ.cpp(323,27): warning C4018: <=: несоответствие типов со знаком и без знака
C:\Users\danek\Documents\GitHub\DiscreteMath\DZ\DZ.cpp(327,31): warning C4018: <=: несоответствие типов со знаком и без знака
C:\Users\danek\Documents\GitHub\DiscreteMath\DZ\DZ.cpp(336,28): warning C4018: <: несоответствие типов со знаком и без знака
C:\Users\danek\Documents\GitHub\DiscreteMath\DZ\DZ.cpp(347,35): warning C4018: <=: несоответствие типов со знаком и без знака
C:\Users\danek\Documents\GitHub\DiscreteMath\DZ\DZ.cpp(358,27): warning C4018: <=: несоответствие типов со знаком и без знака
C:\Users\danek\Documents\GitHub\DiscreteMath\DZ\DZ.cpp(365,35): warning C4018: <=: несоответствие типов со знаком и без знака
C:\Users\danek\Documents\GitHub\DiscreteMath\DZ\DZ.cpp(380,31): warning C4018: <=: несоответствие типов со знаком и без знака
C:\Users\danek\Documents\GitHub\DiscreteMath\DZ\DZ.cpp(394,31): warning C4018: <=: несоответствие типов со знаком и без знака
C:\Users\danek\Documents\GitHub\DiscreteMath\DZ\DZ.cpp(421,29): warning C4018: <: несоответствие типов со знаком и без знака
C:\Users\danek\Documents\GitHub\DiscreteMath\DZ\DZ.cpp(452,35): warning C4018: <: несоответствие типов со знаком и без знака
C:\Users\danek\Documents\GitHub\DiscreteMath\DZ\DZ.cpp(459,46): warning C4018: <: несоответствие типов со знаком и без знака
C:\Users\danek\Documents\GitHub\DiscreteMath\DZ\DZ.cpp(498,47): warning C4018: <: несоответствие типов со знаком и без знака
C:\Users\danek\Documents\GitHub\DiscreteMath\DZ\DZ.cpp(500,39): warning C4018: <: несоответствие типов со знаком и без знака
C:\Users\danek\Documents\GitHub\DiscreteMath\DZ\DZ.cpp(505,44): warning C4018: <: несоответствие типов со знаком и без знака
C:\Users\danek\Documents\GitHub\DiscreteMath\DZ\DZ.cpp(545,51): warning C4018: <: несоответствие типов со знаком и без знака
C:\Users\danek\Documents\GitHub\DiscreteMath\DZ\DZ.cpp(547,43): warning C4018: <: несоответствие типов со знаком и без знака
C:\Users\danek\Documents\GitHub\DiscreteMath\DZ\DZ.cpp(552,48): warning C4018: <: несоответствие типов со знаком и без знака
C:\Users\danek\Documents\GitHub\DiscreteMath\DZ\DZ.cpp(557,48): warning C4018: <: несоответствие типов со знаком и без знака
C:\Users\danek\Documents\GitHub\DiscreteMath\DZ\DZ.cpp(605,47): warning C4018: <: несоответствие типов со знаком и без знака
C:\Users\danek\Documents\GitHub\DiscreteMath\DZ\DZ.cpp(610,52): warning C4018: <: несоответствие типов со знаком и без знака
C:\Users\danek\Documents\GitHub\DiscreteMath\DZ\DZ.cpp(615,52): warning C4018: <: несоответствие типов со знаком и без знака
C:\Users\danek\Documents\GitHub\DiscreteMath\DZ\DZ.cpp(666,51): warning C4018: <: несоответствие типов со знаком и без знака
C:\Users\danek\Documents\GitHub\DiscreteMath\DZ\DZ.cpp(671,56): warning C4018: <: несоответствие типов со знаком и без знака
C:\Users\danek\Documents\GitHub\DiscreteMath\DZ\DZ.cpp(676,56): warning C4018: <: несоответствие типов со знаком и без знака
C:\Users\danek\Documents\GitHub\DiscreteMath\DZ\DZ.cpp(681,56): warning C4018: <: несоответствие типов со знаком и без знака
C:\Users\danek\Documents\GitHub\DiscreteMath\DZ\DZ.cpp(725,33): warning C4018: <: несоответствие типов со знаком и без знака
C:\Users\danek\Documents\GitHub\DiscreteMath\DZ\DZ.cpp(768,33): warning C4018: <: несоответствие типов со знаком и без знака
C:\Users\danek\Documents\GitHub\DiscreteMath\DZ\DZ.cpp(820,47): warning C4018: <: несоответствие типов со знаком и без знака
C:\Users\danek\Documents\GitHub\DiscreteMath\DZ\DZ.cpp(825,52): warning C4018: <: несоответствие типов со знаком и без знака
C:\Users\danek\Documents\GitHub\DiscreteMath\DZ\DZ.cpp(830,52): warning C4018: <: несоответствие типов со знаком и без знака
C:\Users\danek\Documents\GitHub\DiscreteMath\DZ\DZ.cpp(835,52): warning C4018: <: несоответствие типов со знаком и без знака
C:\Users\danek\Documents\GitHub\DiscreteMath\DZ\DZ.cpp(883,51): warning C4018: <: несоответствие типов со знаком и без знака
C:\Users\danek\Documents\GitHub\DiscreteMath\DZ\DZ.cpp(888,56): warning C4018: <: несоответствие типов со знаком и без знака
C:\Users\danek\Documents\GitHub\DiscreteMath\DZ\DZ.cpp(893,56): warning C4018: <: несоответствие типов со знаком и без знака
C:\Users\danek\Documents\GitHub\DiscreteMath\DZ\DZ.cpp(898,56): warning C4018: <: несоответствие типов со знаком и без знака
C:\Users\danek\Documents\GitHub\DiscreteMath\DZ\DZ.cpp(943,47): warning C4018: <: несоответствие типов со знаком и без знака
C:\Users\danek\Documents\GitHub\DiscreteMath\DZ\DZ.cpp(948,52): warning C4018: <: несоответствие типов со знаком и без знака
C:\Users\danek\Documents\GitHub\DiscreteMath\DZ\DZ.cpp(953,52): warning C4018: <: несоответствие типов со знаком и без знака
C:\Users\danek\Documents\GitHub\DiscreteMath\DZ\DZ.cpp(958,52): warning C4018: <: несоответствие типов со знаком и без знака
C:\Users\danek\Documents\GitHub\DiscreteMath\DZ\DZ.cpp(73): warning C4715: takeNextMoh: значение возвращается не при всех путях выполнения
C:\Users\danek\Documents\GitHub\DiscreteMath\DZ\DZ.cpp(194): warning C4715: takeNextMohPov: значение возвращается не при всех путях выполнения
  DZ.vcxproj -> C:\Users\danek\Documents\GitHub\DiscreteMath\DZ\Debug\DZ.exe
